# JRE version: 7.0_07-b11
# Java VM: Java HotSpot(TM) Client VM (23.3-b01 mixed mode, sharing windows-x86 )
Heap
 def new generation   total 9536K, used 1665K [0x23590000, 0x23fe0000, 0x28ae0000)
  eden space 8512K,  19% used [0x23590000, 0x23730568, 0x23de0000)
  from space 1024K,   0% used [0x23de0000, 0x23de0000, 0x23ee0000)
  to   space 1024K,   0% used [0x23ee0000, 0x23ee0000, 0x23fe0000)
 tenured generation   total 21084K, used 12648K [0x28ae0000, 0x29f77000, 0x33590000)
   the space 21084K,  59% used [0x28ae0000, 0x2973a2f0, 0x2973a400, 0x29f77000)
 compacting perm gen  total 12288K, used 5042K [0x33590000, 0x34190000, 0x37590000)
   the space 12288K,  41% used [0x33590000, 0x33a7c850, 0x33a7ca00, 0x34190000)
    ro space 10240K,  45% used [0x37590000, 0x37a14650, 0x37a14800, 0x37f90000)
    rw space 12288K,  54% used [0x37f90000, 0x38617e58, 0x38618000, 0x38b90000)
GC Heap History (10 events):
Event: 1.122 GC heap before
{Heap before GC invocations=3 (full 0):
 def new generation   total 4928K, used 4927K [0x23590000, 0x23ae0000, 0x28ae0000)
  eden space 4416K, 100% used [0x23590000, 0x239e0000, 0x239e0000)
  from space 512K,  99% used [0x23a60000, 0x23adfff8, 0x23ae0000)
  to   space 512K,   0% used [0x239e0000, 0x239e0000, 0x23a60000)
 tenured generation   total 10944K, used 2336K [0x28ae0000, 0x29590000, 0x33590000)
   the space 10944K,  21% used [0x28ae0000, 0x28d28168, 0x28d28200, 0x29590000)
 compacting perm gen  total 12288K, used 4008K [0x33590000, 0x34190000, 0x37590000)
   the space 12288K,  32% used [0x33590000, 0x3397a058, 0x3397a200, 0x34190000)
    ro space 10240K,  45% used [0x37590000, 0x37a14650, 0x37a14800, 0x37f90000)
    rw space 12288K,  54% used [0x37f90000, 0x38617e58, 0x38618000, 0x38b90000)
Event: 1.126 GC heap after
Heap after GC invocations=4 (full 0):
 def new generation   total 4928K, used 512K [0x23590000, 0x23ae0000, 0x28ae0000)
  eden space 4416K,   0% used [0x23590000, 0x23590000, 0x239e0000)
  from space 512K, 100% used [0x239e0000, 0x23a60000, 0x23a60000)
  to   space 512K,   0% used [0x23a60000, 0x23a60000, 0x23ae0000)
 tenured generation   total 10944K, used 2734K [0x28ae0000, 0x29590000, 0x33590000)
   the space 10944K,  24% used [0x28ae0000, 0x28d8bbd8, 0x28d8bc00, 0x29590000)
 compacting perm gen  total 12288K, used 4008K [0x33590000, 0x34190000, 0x37590000)
   the space 12288K,  32% used [0x33590000, 0x3397a058, 0x3397a200, 0x34190000)
    ro space 10240K,  45% used [0x37590000, 0x37a14650, 0x37a14800, 0x37f90000)
    rw space 12288K,  54% used [0x37f90000, 0x38617e58, 0x38618000, 0x38b90000)
}
Event: 1.462 GC heap before
{Heap before GC invocations=4 (full 0):
 def new generation   total 4928K, used 4928K [0x23590000, 0x23ae0000, 0x28ae0000)
  eden space 4416K, 100% used [0x23590000, 0x239e0000, 0x239e0000)
  from space 512K, 100% used [0x239e0000, 0x23a60000, 0x23a60000)
  to   space 512K,   0% used [0x23a60000, 0x23a60000, 0x23ae0000)
 tenured generation   total 10944K, used 2734K [0x28ae0000, 0x29590000, 0x33590000)
   the space 10944K,  24% used [0x28ae0000, 0x28d8bbd8, 0x28d8bc00, 0x29590000)
 compacting perm gen  total 12288K, used 4735K [0x33590000, 0x34190000, 0x37590000)
   the space 12288K,  38% used [0x33590000, 0x33a2fc40, 0x33a2fe00, 0x34190000)
    ro space 10240K,  45% used [0x37590000, 0x37a14650, 0x37a14800, 0x37f90000)
    rw space 12288K,  54% used [0x37f90000, 0x38617e58, 0x38618000, 0x38b90000)
Event: 1.468 GC heap after
Heap after GC invocations=5 (full 0):
 def new generation   total 4928K, used 512K [0x23590000, 0x23ae0000, 0x28ae0000)
  eden space 4416K,   0% used [0x23590000, 0x23590000, 0x239e0000)
  from space 512K, 100% used [0x23a60000, 0x23ae0000, 0x23ae0000)
  to   space 512K,   0% used [0x239e0000, 0x239e0000, 0x23a60000)
 tenured generation   total 10944K, used 3126K [0x28ae0000, 0x29590000, 0x33590000)
   the space 10944K,  28% used [0x28ae0000, 0x28ded9b0, 0x28deda00, 0x29590000)
 compacting perm gen  total 12288K, used 4735K [0x33590000, 0x34190000, 0x37590000)
   the space 12288K,  38% used [0x33590000, 0x33a2fc40, 0x33a2fe00, 0x34190000)
    ro space 10240K,  45% used [0x37590000, 0x37a14650, 0x37a14800, 0x37f90000)
    rw space 12288K,  54% used [0x37f90000, 0x38617e58, 0x38618000, 0x38b90000)
}
Event: 9.410 GC heap before
{Heap before GC invocations=5 (full 0):
 def new generation   total 4928K, used 4928K [0x23590000, 0x23ae0000, 0x28ae0000)
  eden space 4416K, 100% used [0x23590000, 0x239e0000, 0x239e0000)
  from space 512K, 100% used [0x23a60000, 0x23ae0000, 0x23ae0000)
  to   space 512K,   0% used [0x239e0000, 0x239e0000, 0x23a60000)
 tenured generation   total 10944K, used 3126K [0x28ae0000, 0x29590000, 0x33590000)
   the space 10944K,  28% used [0x28ae0000, 0x28ded9b0, 0x28deda00, 0x29590000)
 compacting perm gen  total 12288K, used 5037K [0x33590000, 0x34190000, 0x37590000)
   the space 12288K,  40% used [0x33590000, 0x33a7b428, 0x33a7b600, 0x34190000)
    ro space 10240K,  45% used [0x37590000, 0x37a14650, 0x37a14800, 0x37f90000)
    rw space 12288K,  54% used [0x37f90000, 0x38617e58, 0x38618000, 0x38b90000)
Event: 9.423 GC heap after
Heap after GC invocations=6 (full 0):
 def new generation   total 4928K, used 512K [0x23590000, 0x23ae0000, 0x28ae0000)
  eden space 4416K,   0% used [0x23590000, 0x23590000, 0x239e0000)
  from space 512K, 100% used [0x239e0000, 0x23a60000, 0x23a60000)
  to   space 512K,   0% used [0x23a60000, 0x23a60000, 0x23ae0000)
 tenured generation   total 10944K, used 4624K [0x28ae0000, 0x29590000, 0x33590000)
   the space 10944K,  42% used [0x28ae0000, 0x28f64120, 0x28f64200, 0x29590000)
 compacting perm gen  total 12288K, used 5037K [0x33590000, 0x34190000, 0x37590000)
   the space 12288K,  40% used [0x33590000, 0x33a7b428, 0x33a7b600, 0x34190000)
    ro space 10240K,  45% used [0x37590000, 0x37a14650, 0x37a14800, 0x37f90000)
    rw space 12288K,  54% used [0x37f90000, 0x38617e58, 0x38618000, 0x38b90000)
}
Event: 9.810 GC heap before
{Heap before GC invocations=6 (full 0):
 def new generation   total 4928K, used 4928K [0x23590000, 0x23ae0000, 0x28ae0000)
  eden space 4416K, 100% used [0x23590000, 0x239e0000, 0x239e0000)
  from space 512K, 100% used [0x239e0000, 0x23a60000, 0x23a60000)
  to   space 512K,   0% used [0x23a60000, 0x23a60000, 0x23ae0000)
 tenured generation   total 10944K, used 4624K [0x28ae0000, 0x29590000, 0x33590000)
   the space 10944K,  42% used [0x28ae0000, 0x28f64120, 0x28f64200, 0x29590000)
 compacting perm gen  total 12288K, used 5037K [0x33590000, 0x34190000, 0x37590000)
   the space 12288K,  40% used [0x33590000, 0x33a7b448, 0x33a7b600, 0x34190000)
    ro space 10240K,  45% used [0x37590000, 0x37a14650, 0x37a14800, 0x37f90000)
    rw space 12288K,  54% used [0x37f90000, 0x38617e58, 0x38618000, 0x38b90000)
Event: 9.837 GC heap after
Heap after GC invocations=7 (full 0):
 def new generation   total 4928K, used 512K [0x23590000, 0x23ae0000, 0x28ae0000)
  eden space 4416K,   0% used [0x23590000, 0x23590000, 0x239e0000)
  from space 512K, 100% used [0x23a60000, 0x23ae0000, 0x23ae0000)
  to   space 512K,   0% used [0x239e0000, 0x239e0000, 0x23a60000)
 tenured generation   total 10944K, used 8838K [0x28ae0000, 0x29590000, 0x33590000)
   the space 10944K,  80% used [0x28ae0000, 0x29381850, 0x29381a00, 0x29590000)
 compacting perm gen  total 12288K, used 5037K [0x33590000, 0x34190000, 0x37590000)
   the space 12288K,  40% used [0x33590000, 0x33a7b448, 0x33a7b600, 0x34190000)
    ro space 10240K,  45% used [0x37590000, 0x37a14650, 0x37a14800, 0x37f90000)
    rw space 12288K,  54% used [0x37f90000, 0x38617e58, 0x38618000, 0x38b90000)
}
Event: 10.290 GC heap before
{Heap before GC invocations=7 (full 0):
 def new generation   total 4928K, used 4928K [0x23590000, 0x23ae0000, 0x28ae0000)
  eden space 4416K, 100% used [0x23590000, 0x239e0000, 0x239e0000)
  from space 512K, 100% used [0x23a60000, 0x23ae0000, 0x23ae0000)
  to   space 512K,   0% used [0x239e0000, 0x239e0000, 0x23a60000)
 tenured generation   total 10944K, used 8838K [0x28ae0000, 0x29590000, 0x33590000)
   the space 10944K,  80% used [0x28ae0000, 0x29381850, 0x29381a00, 0x29590000)
 compacting perm gen  total 12288K, used 5037K [0x33590000, 0x34190000, 0x37590000)
   the space 12288K,  40% used [0x33590000, 0x33a7b448, 0x33a7b600, 0x34190000)
    ro space 10240K,  45% used [0x37590000, 0x37a14650, 0x37a14800, 0x37f90000)
    rw space 12288K,  54% used [0x37f90000, 0x38617e58, 0x38618000, 0x38b90000)
Event: 10.397 GC heap after
Heap after GC invocations=8 (full 1):
 def new generation   total 9536K, used 0K [0x23590000, 0x23fe0000, 0x28ae0000)
  eden space 8512K,   0% used [0x23590000, 0x23590000, 0x23de0000)
  from space 1024K,   0% used [0x23de0000, 0x23de0000, 0x23ee0000)
  to   space 1024K,   0% used [0x23ee0000, 0x23ee0000, 0x23fe0000)
 tenured generation   total 21084K, used 12648K [0x28ae0000, 0x29f77000, 0x33590000)
   the space 21084K,  59% used [0x28ae0000, 0x2973a2f0, 0x2973a400, 0x29f77000)
 compacting perm gen  total 12288K, used 5037K [0x33590000, 0x34190000, 0x37590000)
   the space 12288K,  40% used [0x33590000, 0x33a7b448, 0x33a7b600, 0x34190000)
    ro space 10240K,  45% used [0x37590000, 0x37a14650, 0x37a14800, 0x37f90000)
    rw space 12288K,  54% used [0x37f90000, 0x38617e58, 0x38618000, 0x38b90000)
}

